2025-09-06 16:37:13,521 [INFO] Activator:176 - 


2025-09-06 16:37:13,524 [INFO] Activator:177 - !SESSION log4j initialized
2025-09-06 16:37:23,244 [INFO] LogOutputStream:77 - [STDOUT_REDIRECT] 
2025-09-06 16:37:24,072 [INFO] ApplicationProperties:184 - Using Application install path: /opt/st/stm32cubeide_1.19.0/plugins/com.st.stm32cube.common.mx_6.15.0.202507011659
2025-09-06 16:37:24,087 [INFO] DbMcusXml:78 - Set database path to: /opt/st/stm32cubeide_1.19.0/plugins/com.st.stm32cube.common.mx_6.15.0.202507011659//db//mcu/
2025-09-06 16:37:24,087 [INFO] ApiDb:274 - Set plugin database path to: /opt/st/stm32cubeide_1.19.0/plugins/com.st.stm32cube.common.mx_6.15.0.202507011659//db//plugins/boardmanager/
2025-09-06 16:37:24,088 [WARN] ApiDb:259 - Overriding images path with different value:  => /opt/st/stm32cubeide_1.19.0/plugins/com.st.stm32cube.common.mx_6.15.0.202507011659//db//plugins/mcufinder/images/
2025-09-06 16:37:24,098 [INFO] ApiDb:250 - Set database path to: /home/nqh/.stmcufinder/plugins/mcufinder//mcu/
2025-09-06 16:37:24,100 [INFO] DbMcusAds:125 - Set database path to: /home/nqh/.stmcufinder/plugins/mcufinder//mcu/
2025-09-06 16:37:24,102 [INFO] CrossReferenceDbSqlite:203 - Set database path to: /home/nqh/.stmcufinder/plugins/mcufinder//mcu/cs/
2025-09-06 16:37:24,221 [INFO] RulesReader:64 - Compatibility file has been processed (317 Rules)
2025-09-06 16:37:24,289 [INFO] DbMcusXml:78 - Set database path to: /opt/st/stm32cubeide_1.19.0/plugins/com.st.stm32cube.common.mx_6.15.0.202507011659//db//mcu/
2025-09-06 16:37:24,289 [INFO] ApiDb:274 - Set plugin database path to: /opt/st/stm32cubeide_1.19.0/plugins/com.st.stm32cube.common.mx_6.15.0.202507011659//db//plugins/boardmanager/
2025-09-06 16:37:24,290 [INFO] ApiDb:261 - Set plugin images path to: /opt/st/stm32cubeide_1.19.0/plugins/com.st.stm32cube.common.mx_6.15.0.202507011659//db//plugins/mcufinder/images/
2025-09-06 16:37:24,290 [WARN] DbFile:41 - Overriding database path with different value: /home/nqh/.stmcufinder/plugins/mcufinder/ => /home/nqh/.stmcufinder/plugins/mcufinder
2025-09-06 16:37:24,290 [INFO] ApiDb:250 - Set database path to: /home/nqh/.stmcufinder/plugins/mcufinder//mcu/
2025-09-06 16:37:24,290 [WARN] DbFile:41 - Overriding database path with different value: /home/nqh/.stmcufinder/plugins/mcufinder/ => /home/nqh/.stmcufinder/plugins/mcufinder
2025-09-06 16:37:24,290 [INFO] DbMcusAds:125 - Set database path to: /home/nqh/.stmcufinder/plugins/mcufinder//mcu/
2025-09-06 16:37:24,290 [WARN] DbFile:41 - Overriding database path with different value: /home/nqh/.stmcufinder/plugins/mcufinder/ => /home/nqh/.stmcufinder/plugins/mcufinder
2025-09-06 16:37:24,290 [WARN] DbFile:41 - Overriding database path with different value: /home/nqh/.stmcufinder/plugins/mcufinder/ => /home/nqh/.stmcufinder/plugins/mcufinder
2025-09-06 16:37:24,290 [INFO] CrossReferenceDbSqlite:203 - Set database path to: /home/nqh/.stmcufinder/plugins/mcufinder//mcu/cs/
2025-09-06 16:37:24,366 [INFO] MainPanel:274 - HeapMemory: 268435456
2025-09-06 16:37:24,549 [INFO] DbMcusXml:78 - Set database path to: /opt/st/stm32cubeide_1.19.0/plugins/com.st.stm32cube.common.mx_6.15.0.202507011659//db//mcu/
2025-09-06 16:37:24,549 [INFO] ApiDb:274 - Set plugin database path to: /opt/st/stm32cubeide_1.19.0/plugins/com.st.stm32cube.common.mx_6.15.0.202507011659//db//plugins/boardmanager/
2025-09-06 16:37:24,549 [INFO] ApiDb:261 - Set plugin images path to: /opt/st/stm32cubeide_1.19.0/plugins/com.st.stm32cube.common.mx_6.15.0.202507011659//db//plugins/mcufinder/images/
2025-09-06 16:37:24,550 [WARN] DbFile:41 - Overriding database path with different value: /home/nqh/.stmcufinder/plugins/mcufinder/ => /home/nqh/.stmcufinder/plugins/mcufinder
2025-09-06 16:37:24,550 [INFO] ApiDb:250 - Set database path to: /home/nqh/.stmcufinder/plugins/mcufinder//mcu/
2025-09-06 16:37:24,550 [WARN] DbFile:41 - Overriding database path with different value: /home/nqh/.stmcufinder/plugins/mcufinder/ => /home/nqh/.stmcufinder/plugins/mcufinder
2025-09-06 16:37:24,550 [INFO] DbMcusAds:125 - Set database path to: /home/nqh/.stmcufinder/plugins/mcufinder//mcu/
2025-09-06 16:37:24,550 [WARN] DbFile:41 - Overriding database path with different value: /home/nqh/.stmcufinder/plugins/mcufinder/ => /home/nqh/.stmcufinder/plugins/mcufinder
2025-09-06 16:37:24,550 [WARN] DbFile:41 - Overriding database path with different value: /home/nqh/.stmcufinder/plugins/mcufinder/ => /home/nqh/.stmcufinder/plugins/mcufinder
2025-09-06 16:37:24,550 [INFO] CrossReferenceDbSqlite:203 - Set database path to: /home/nqh/.stmcufinder/plugins/mcufinder//mcu/cs/
2025-09-06 16:37:24,564 [INFO] ApplicationProperties:184 - Using Application install path: /opt/st/stm32cubeide_1.19.0/plugins/com.st.stm32cube.common.mx_6.15.0.202507011659
2025-09-06 16:37:24,565 [INFO] PluginManage:196 - Search for loadable plugins [exclusion list=, ]
2025-09-06 16:37:24,566 [INFO] PluginManage:310 - Check plugin analytics
2025-09-06 16:37:24,744 [INFO] AnalyticsPlugin:253 - Accepted Software Licenses: 
2025-09-06 16:37:24,744 [INFO] AnalyticsPlugin:255 - Accepted CMSIS Pack Licenses: 
2025-09-06 16:37:24,744 [INFO] AnalyticsPlugin:257 - Accepted Firmware Licenses: FW.F4.1.28.0
2025-09-06 16:37:24,747 [INFO] PluginManage:359 - Loaded plugin analytics (category:tool,tabindex:-1)
2025-09-06 16:37:24,747 [INFO] PluginManage:310 - Check plugin cadmodel
2025-09-06 16:37:24,754 [INFO] CADModel:105 - Init CAD model plugin
2025-09-06 16:37:24,754 [INFO] PluginManage:359 - Loaded plugin cadmodel (category:power,tabindex:5)
2025-09-06 16:37:24,754 [INFO] PluginManage:310 - Check plugin clock
2025-09-06 16:37:24,765 [INFO] PluginManage:359 - Loaded plugin clock (category:base,tabindex:2)
2025-09-06 16:37:24,766 [INFO] PluginManage:310 - Check plugin ddr
2025-09-06 16:37:24,768 [INFO] PluginManage:359 - Loaded plugin ddr (category:tool,tabindex:6)
2025-09-06 16:37:24,769 [INFO] PluginManage:310 - Check plugin filemanager
2025-09-06 16:37:24,897 [INFO] PluginManage:359 - Loaded plugin filemanager (category:base,tabindex:10)
2025-09-06 16:37:24,897 [INFO] PluginManage:310 - Check plugin ipmanager
2025-09-06 16:37:24,901 [INFO] PluginManage:359 - Loaded plugin ipmanager (category:base,tabindex:5)
2025-09-06 16:37:24,901 [INFO] PluginManage:310 - Check plugin lpbam
2025-09-06 16:37:24,911 [INFO] PluginManage:359 - Loaded plugin lpbam (category:base,tabindex:0)
2025-09-06 16:37:24,912 [INFO] PluginManage:310 - Check plugin memorymap
2025-09-06 16:37:24,923 [INFO] PluginManage:359 - Loaded plugin memorymap (category:base,tabindex:4)
2025-09-06 16:37:24,923 [INFO] PluginManage:310 - Check plugin pinoutandconfiguration
2025-09-06 16:37:24,931 [INFO] PluginManage:359 - Loaded plugin pinoutandconfiguration (category:base,tabindex:1)
2025-09-06 16:37:24,931 [INFO] PluginManage:310 - Check plugin pinoutconfig
2025-09-06 16:37:25,033 [WARN] SupportedApi:132 - Cannot load RTOS API schema: s4s-elt-must-match.1: The content of 'definitions' must match (annotation?, (simpleType | complexType)?, (unique | key | keyref)*)). A problem was found starting at: attribute.
2025-09-06 16:37:25,161 [INFO] PluginManage:359 - Loaded plugin pinoutconfig (category:base,tabindex:0)
2025-09-06 16:37:25,161 [INFO] PluginManage:310 - Check plugin power
2025-09-06 16:37:25,176 [INFO] PluginManage:359 - Loaded plugin power (category:power,tabindex:4)
2025-09-06 16:37:25,177 [INFO] PluginManage:310 - Check plugin projectmanager
2025-09-06 16:37:25,190 [INFO] PluginManage:359 - Loaded plugin projectmanager (category:projectmanager,tabindex:4)
2025-09-06 16:37:25,191 [INFO] PluginManage:310 - Check plugin rif
2025-09-06 16:37:25,201 [INFO] PluginManage:359 - Loaded plugin rif (category:base,tabindex:3)
2025-09-06 16:37:25,201 [INFO] PluginManage:310 - Check plugin thirdparty
2025-09-06 16:37:25,349 [INFO] PluginManage:359 - Loaded plugin thirdparty (category:base,tabindex:-1)
2025-09-06 16:37:25,349 [WARN] IntegrityCheckThread:84 - waiting for thirdparty lock release [integrity check]
2025-09-06 16:37:25,349 [INFO] IntegrityCheckThread:86 - entering critical section [integrity check]
2025-09-06 16:37:25,349 [INFO] PluginManage:310 - Check plugin tools
2025-09-06 16:37:25,350 [INFO] ThirdPartyUpdaterWithRetryManager:70 - Updater plugin not ready yet. [1/15]
2025-09-06 16:37:25,352 [INFO] PluginManage:359 - Loaded plugin tools (category:base,tabindex:7)
2025-09-06 16:37:25,352 [INFO] PluginManage:310 - Check plugin tutovideos
2025-09-06 16:37:25,548 [INFO] PluginManage:359 - Loaded plugin tutovideos (category:base,tabindex:-1)
2025-09-06 16:37:25,548 [INFO] PluginManage:310 - Check plugin updater
2025-09-06 16:37:25,570 [INFO] PluginManage:359 - Loaded plugin updater (category:base,tabindex:12)
2025-09-06 16:37:25,570 [INFO] PluginManage:310 - Check plugin userauth
2025-09-06 16:37:25,574 [INFO] UserAuth:118 - Init User Auth plugin
2025-09-06 16:37:25,574 [INFO] PluginManage:359 - Loaded plugin userauth (category:base,tabindex:14)
2025-09-06 16:37:25,574 [INFO] PluginManage:283 - PluginManage : Loaded plugins [18]
2025-09-06 16:37:25,757 [INFO] PinOutPanel:1589 - setPackage(No Configuration,No Configuration)
2025-09-06 16:37:25,846 [INFO] CADModel:165 - CPN selected for project level
2025-09-06 16:37:25,846 [INFO] CADModel:114 - Register for checkConnection events
2025-09-06 16:37:25,858 [INFO] IPUIPlugin:80 - create IPUIPlugin
2025-09-06 16:37:25,858 [INFO] PluginManager:220 - loadIPPluginJar : add dfsdm
2025-09-06 16:37:25,859 [INFO] IPUIPlugin:80 - create IPUIPlugin
2025-09-06 16:37:25,860 [INFO] PluginManager:220 - loadIPPluginJar : add genericplugin
2025-09-06 16:37:25,866 [INFO] IPUIPlugin:80 - create IPUIPlugin
2025-09-06 16:37:25,866 [INFO] PluginManager:220 - loadIPPluginJar : add ipddr
2025-09-06 16:37:25,868 [INFO] IPUIPlugin:80 - create IPUIPlugin
2025-09-06 16:37:25,868 [INFO] PluginManager:220 - loadIPPluginJar : add ts
2025-09-06 16:37:25,871 [INFO] IPUIPlugin:80 - create IPUIPlugin
2025-09-06 16:37:25,871 [INFO] PluginManager:220 - loadIPPluginJar : add pdm2pcm
2025-09-06 16:37:25,874 [INFO] IPUIPlugin:80 - create IPUIPlugin
2025-09-06 16:37:25,874 [INFO] PluginManager:220 - loadIPPluginJar : add usbx
2025-09-06 16:37:25,876 [INFO] IPUIPlugin:80 - create IPUIPlugin
2025-09-06 16:37:25,876 [INFO] PluginManager:220 - loadIPPluginJar : add tsc
2025-09-06 16:37:25,877 [INFO] IPUIPlugin:80 - create IPUIPlugin
2025-09-06 16:37:25,878 [INFO] PluginManager:220 - loadIPPluginJar : add radio
2025-09-06 16:37:25,880 [INFO] IPUIPlugin:80 - create IPUIPlugin
2025-09-06 16:37:25,880 [INFO] PluginManager:220 - loadIPPluginJar : add aes
2025-09-06 16:37:25,887 [INFO] IPUIPlugin:80 - create IPUIPlugin
2025-09-06 16:37:25,887 [INFO] PluginManager:220 - loadIPPluginJar : add stm32_wpan
2025-09-06 16:37:25,891 [INFO] IPUIPlugin:80 - create IPUIPlugin
2025-09-06 16:37:25,892 [INFO] PluginManager:220 - loadIPPluginJar : add nvic
2025-09-06 16:37:25,897 [INFO] IPUIPlugin:80 - create IPUIPlugin
2025-09-06 16:37:25,897 [INFO] PluginManager:220 - loadIPPluginJar : add dma
2025-09-06 16:37:25,899 [INFO] IPUIPlugin:80 - create IPUIPlugin
2025-09-06 16:37:25,899 [INFO] PluginManager:220 - loadIPPluginJar : add i2s
2025-09-06 16:37:25,902 [INFO] IPUIPlugin:80 - create IPUIPlugin
2025-09-06 16:37:25,902 [INFO] PluginManager:220 - loadIPPluginJar : add opamp
2025-09-06 16:37:25,905 [INFO] IPUIPlugin:80 - create IPUIPlugin
2025-09-06 16:37:25,905 [INFO] PluginManager:220 - loadIPPluginJar : add i2c
2025-09-06 16:37:25,912 [INFO] IPUIPlugin:80 - create IPUIPlugin
2025-09-06 16:37:25,914 [INFO] PluginManager:220 - loadIPPluginJar : add plateformsettings
2025-09-06 16:37:25,916 [INFO] IPUIPlugin:80 - create IPUIPlugin
2025-09-06 16:37:25,916 [INFO] PluginManager:220 - loadIPPluginJar : add quadspi
2025-09-06 16:37:25,918 [INFO] IPUIPlugin:80 - create IPUIPlugin
2025-09-06 16:37:25,919 [INFO] PluginManager:220 - loadIPPluginJar : add usart
2025-09-06 16:37:25,921 [INFO] IPUIPlugin:80 - create IPUIPlugin
2025-09-06 16:37:25,922 [INFO] PluginManager:220 - loadIPPluginJar : add gtzc
2025-09-06 16:37:25,924 [INFO] IPUIPlugin:80 - create IPUIPlugin
2025-09-06 16:37:25,924 [INFO] PluginManager:220 - loadIPPluginJar : add openamp
2025-09-06 16:37:25,928 [INFO] IPUIPlugin:80 - create IPUIPlugin
2025-09-06 16:37:25,928 [INFO] PluginManager:220 - loadIPPluginJar : add ddr_ctrl_phy
2025-09-06 16:37:25,931 [INFO] IPUIPlugin:80 - create IPUIPlugin
2025-09-06 16:37:25,931 [INFO] PluginManager:220 - loadIPPluginJar : add spi
2025-09-06 16:37:25,933 [INFO] IPUIPlugin:80 - create IPUIPlugin
2025-09-06 16:37:25,934 [INFO] PluginManager:220 - loadIPPluginJar : add lorawan
2025-09-06 16:37:25,936 [INFO] IPUIPlugin:80 - create IPUIPlugin
2025-09-06 16:37:25,937 [INFO] PluginManager:220 - loadIPPluginJar : add can
2025-09-06 16:37:25,945 [INFO] IPUIPlugin:80 - create IPUIPlugin
2025-09-06 16:37:25,945 [INFO] PluginManager:220 - loadIPPluginJar : add linkedlist
2025-09-06 16:37:25,947 [INFO] IPUIPlugin:80 - create IPUIPlugin
2025-09-06 16:37:25,947 [INFO] PluginManager:220 - loadIPPluginJar : add comp
2025-09-06 16:37:25,952 [INFO] IPUIPlugin:80 - create IPUIPlugin
2025-09-06 16:37:25,952 [INFO] PluginManager:220 - loadIPPluginJar : add gpio
2025-09-06 16:37:25,954 [INFO] IPUIPlugin:80 - create IPUIPlugin
2025-09-06 16:37:25,954 [INFO] PluginManager:220 - loadIPPluginJar : add tim
2025-09-06 16:37:25,958 [INFO] IPUIPlugin:80 - create IPUIPlugin
2025-09-06 16:37:25,958 [INFO] PluginManager:220 - loadIPPluginJar : add touchsensing
2025-09-06 16:37:25,962 [INFO] IPUIPlugin:80 - create IPUIPlugin
2025-09-06 16:37:25,962 [INFO] PluginManager:220 - loadIPPluginJar : add sai
2025-09-06 16:37:25,964 [INFO] IPUIPlugin:80 - create IPUIPlugin
2025-09-06 16:37:25,965 [INFO] PluginManager:220 - loadIPPluginJar : add gfxmmu
2025-09-06 16:37:25,971 [INFO] IPUIPlugin:80 - create IPUIPlugin
2025-09-06 16:37:25,971 [INFO] PluginManager:220 - loadIPPluginJar : add freertos
2025-09-06 16:37:25,975 [INFO] IPUIPlugin:80 - create IPUIPlugin
2025-09-06 16:37:25,975 [INFO] PluginManager:220 - loadIPPluginJar : add i3c
2025-09-06 16:37:25,978 [INFO] IPUIPlugin:80 - create IPUIPlugin
2025-09-06 16:37:25,978 [INFO] PluginManager:220 - loadIPPluginJar : add dma3
2025-09-06 16:37:25,983 [INFO] IPUIPlugin:80 - create IPUIPlugin
2025-09-06 16:37:25,983 [INFO] PluginManager:220 - loadIPPluginJar : add fmc
2025-09-06 16:37:25,990 [INFO] IPUIPlugin:80 - create IPUIPlugin
2025-09-06 16:37:25,990 [INFO] PluginManager:220 - loadIPPluginJar : add mdma
2025-09-06 16:37:25,991 [INFO] IPUIPlugin:80 - create IPUIPlugin
2025-09-06 16:37:25,992 [INFO] PluginManager:220 - loadIPPluginJar : add fatfs
2025-09-06 16:37:25,999 [INFO] IPUIPlugin:80 - create IPUIPlugin
2025-09-06 16:37:25,999 [INFO] PluginManager:220 - loadIPPluginJar : add adc
2025-09-06 16:37:26,001 [INFO] IPUIPlugin:80 - create IPUIPlugin
2025-09-06 16:37:26,001 [INFO] PluginManager:220 - loadIPPluginJar : add ucpd
2025-09-06 16:37:26,008 [INFO] IPUIPlugin:80 - create IPUIPlugin
2025-09-06 16:37:26,008 [INFO] PluginManager:220 - loadIPPluginJar : add gic
2025-09-06 16:37:26,012 [INFO] IPUIPlugin:80 - create IPUIPlugin
2025-09-06 16:37:26,012 [INFO] PluginManager:220 - loadIPPluginJar : add extmemmanager
2025-09-06 16:37:26,013 [INFO] IPUIPlugin:80 - create IPUIPlugin
2025-09-06 16:37:26,013 [INFO] PluginManager:220 - loadIPPluginJar : add ltdc
2025-09-06 16:37:26,015 [INFO] IPUIPlugin:80 - create IPUIPlugin
2025-09-06 16:37:26,015 [INFO] PluginManager:220 - loadIPPluginJar : add tracer_emb
2025-09-06 16:37:26,020 [INFO] IPUIPlugin:80 - create IPUIPlugin
2025-09-06 16:37:26,020 [INFO] PluginManager:220 - loadIPPluginJar : add resmgrutility
2025-09-06 16:37:26,023 [INFO] IPUIPlugin:80 - create IPUIPlugin
2025-09-06 16:37:26,023 [INFO] PluginManager:220 - loadIPPluginJar : add cryp
2025-09-06 16:37:26,026 [INFO] IPUIPlugin:80 - create IPUIPlugin
2025-09-06 16:37:26,026 [INFO] PluginManager:220 - loadIPPluginJar : add hash
2025-09-06 16:37:26,127 [FATAL] Updater:351 - Updater called before beeing initialized
2025-09-06 16:37:26,161 [INFO] RulesReader:64 - Compatibility file has been processed (317 Rules)
2025-09-06 16:37:26,173 [INFO] RulesReader:64 - Compatibility file has been processed (317 Rules)
2025-09-06 16:37:26,180 [INFO] CADModel:165 - CPN selected for project level
2025-09-06 16:37:26,180 [INFO] CADModel:114 - Register for checkConnection events
2025-09-06 16:37:26,180 [FATAL] Updater:351 - Updater called before beeing initialized
2025-09-06 16:37:26,180 [ERROR] CADModel:125 - Updater not yet initialized, retry later 
2025-09-06 16:37:26,302 [FATAL] Updater:351 - Updater called before beeing initialized
2025-09-06 16:37:26,304 [INFO] CADModel:165 - CPN selected for project level
2025-09-06 16:37:26,304 [INFO] CADModel:114 - Register for checkConnection events
2025-09-06 16:37:26,304 [FATAL] Updater:351 - Updater called before beeing initialized
2025-09-06 16:37:26,304 [ERROR] CADModel:125 - Updater not yet initialized, retry later 
2025-09-06 16:37:26,308 [FATAL] Updater:351 - Updater called before beeing initialized
2025-09-06 16:37:26,405 [FATAL] Updater:351 - Updater called before beeing initialized
2025-09-06 16:37:26,410 [INFO] DbMcusAds:53 - JSON generation date=Tue Jul 08 15:14:23 ICT 2025 (1751962463582)
2025-09-06 16:37:26,410 [FATAL] Updater:351 - Updater called before beeing initialized
2025-09-06 16:37:26,458 [WARN] DetailPanel:346 - Failed to get advertising image, set to default
2025-09-06 16:37:26,519 [FATAL] Updater:351 - Updater called before beeing initialized
2025-09-06 16:37:26,521 [FATAL] Updater:351 - Updater called before beeing initialized
2025-09-06 16:37:26,521 [FATAL] Updater:351 - Updater called before beeing initialized
2025-09-06 16:37:26,521 [WARN] DetailPanel:346 - Failed to get advertising image, set to default
2025-09-06 16:37:26,522 [FATAL] Updater:351 - Updater called before beeing initialized
2025-09-06 16:37:26,547 [ERROR] Updater:1198 - MainUpdater not yet initialized. External WinMGr cannot be set.
2025-09-06 16:37:26,548 [INFO] Updater:1134 - Updater Version found : 6.15.0
2025-09-06 16:37:26,563 [INFO] ApplicationProperties:184 - Using Application install path: /opt/st/stm32cubeide_1.19.0/plugins/com.st.stm32cube.common.mx_6.15.0.202507011659
2025-09-06 16:37:26,850 [INFO] MainUpdater:2872 - connection check result : 10
2025-09-06 16:37:26,850 [INFO] MainUpdater:3604 - Updater definition file requires update
2025-09-06 16:37:26,851 [INFO] MainUpdater:289 - Updater Check For Update Now.
2025-09-06 16:37:26,851 [INFO] MicroXplorer:498 - Change Database Version : DB.6.0.150
2025-09-06 16:37:26,855 [INFO] McuFinderGlobals:63 - Set McuFinder mode to 2 (CubeIDE integrated)
2025-09-06 16:37:26,856 [INFO] UserAuth:487 - Internet connection configuration mode: 1
2025-09-06 16:37:26,874 [INFO] JxBrowserEngine:152 - Initiate JxBrowser Engine with user profile folder
2025-09-06 16:37:26,891 [INFO] ServerAccessManage:452 - Complete download http(s) 200
2025-09-06 16:37:26,892 [INFO] ServerAccessManage:509 - Download File updaters.zip
2025-09-06 16:37:27,153 [INFO] FileExtend:248 - Unzip File : updaters.zip
2025-09-06 16:37:27,153 [INFO] FileExtend:263 - Standard Zip Deflate
2025-09-06 16:37:27,469 [INFO] ServerAccessManage:452 - Complete download http(s) 200
2025-09-06 16:37:27,469 [INFO] ServerAccessManage:509 - Download File PacksControlFlags.xml
2025-09-06 16:37:27,575 [INFO] ServerAccessManage:452 - Complete download http(s) 200
2025-09-06 16:37:27,575 [INFO] ServerAccessManage:509 - Download File cubemx.pidx
2025-09-06 16:37:28,315 [INFO] WebApp:169 - Instantiating new browser for Auth
2025-09-06 16:37:28,350 [WARN] MainUpdater:1193 - Updater busy. Cannot search thirdparties
2025-09-06 16:37:28,350 [INFO] ThirdPartyUpdaterWithRetryManager:96 - Updater plugin is busy. [1/15]
2025-09-06 16:37:28,580 [INFO] ServerAccessManage:452 - Complete download http(s) 200
2025-09-06 16:37:28,580 [INFO] ServerAccessManage:509 - Download File STMicroelectronics.X-CUBE-STSE01.pdsc
2025-09-06 09:37:28,003 [INFO] ServerAccessManage:452 - Partial download http(s) 206
2025-09-06 09:37:28,003 [INFO] ServerAccessManage:509 - Download File STMicroelectronics.X-CUBE-AZRTOS-F4.pdsc
2025-09-06 09:37:28,344 [INFO] WebApp:463 - Apply proxy settings
2025-09-06 09:37:28,344 [INFO] WebApp:548 - Chromium requires no authentication
2025-09-06 09:37:28,352 [INFO] WebApp:491 - Direct internet connection detected
2025-09-06 09:37:28,369 [INFO] WebApp:900 - Register for checkConnection events
2025-09-06 09:37:28,370 [INFO] WebApp:463 - Apply proxy settings
2025-09-06 09:37:28,370 [INFO] WebApp:548 - Chromium requires no authentication
2025-09-06 09:37:28,370 [INFO] WebApp:491 - Direct internet connection detected
2025-09-06 09:37:28,461 [INFO] ServerAccessManage:452 - Complete download http(s) 200
2025-09-06 09:37:28,461 [INFO] ServerAccessManage:509 - Download File STMicroelectronics.X-CUBE-AZRTOS-F7.pdsc
2025-09-06 09:37:28,491 [INFO] WebApp:225 - Starting web application
2025-09-06 09:37:28,491 [INFO] WebApp:593 - Web application path used /opt/st/stm32cubeide_1.19.0/plugins/com.st.stm32cube.common.mx_6.15.0.202507011659/db/plugins/mcufinder/reactClient1/index.html
2025-09-06 09:37:28,584 [INFO] UserAuth:487 - Internet connection configuration mode: 1
2025-09-06 09:37:28,894 [INFO] WebApp:191 - Connection restablished
2025-09-06 09:37:29,140 [INFO] ServerAccessManage:452 - Complete download http(s) 200
2025-09-06 09:37:29,140 [INFO] ServerAccessManage:509 - Download File STMicroelectronics.X-CUBE-AZRTOS-L4.pdsc
2025-09-06 09:37:30,433 [WARN] MainUpdater:1193 - Updater busy. Cannot search thirdparties
2025-09-06 09:37:30,434 [INFO] ThirdPartyUpdaterWithRetryManager:96 - Updater plugin is busy. [2/15]
2025-09-06 09:37:30,501 [INFO] ServerAccessManage:452 - Complete download http(s) 200
2025-09-06 09:37:30,501 [INFO] ServerAccessManage:509 - Download File STMicroelectronics.X-CUBE-AZRTOS-L5.pdsc
2025-09-06 09:37:31,061 [INFO] ServerAccessManage:452 - Complete download http(s) 200
2025-09-06 09:37:31,061 [INFO] ServerAccessManage:509 - Download File STMicroelectronics.X-CUBE-AZRTOS-G0.pdsc
2025-09-06 09:37:31,600 [INFO] ServerAccessManage:452 - Complete download http(s) 200
2025-09-06 09:37:31,600 [INFO] ServerAccessManage:509 - Download File STMicroelectronics.X-CUBE-AZRTOS-G4.pdsc
2025-09-06 09:37:32,601 [INFO] ServerAccessManage:452 - Complete download http(s) 200
2025-09-06 09:37:32,601 [INFO] ServerAccessManage:509 - Download File STMicroelectronics.X-CUBE-AZRTOS-WB.pdsc
2025-09-06 09:37:33,019 [INFO] ServerAccessManage:452 - Complete download http(s) 200
2025-09-06 09:37:33,019 [INFO] ServerAccessManage:509 - Download File STMicroelectronics.X-CUBE-AZRTOS-WL.pdsc
2025-09-06 09:37:33,391 [INFO] ServerAccessManage:452 - Complete download http(s) 200
2025-09-06 09:37:33,391 [INFO] ServerAccessManage:509 - Download File STMicroelectronics.X-CUBE-WB05N.pdsc
2025-09-06 09:37:33,434 [WARN] MainUpdater:1193 - Updater busy. Cannot search thirdparties
2025-09-06 09:37:33,435 [INFO] ThirdPartyUpdaterWithRetryManager:96 - Updater plugin is busy. [3/15]
2025-09-06 09:37:34,772 [INFO] ServerAccessManage:452 - Complete download http(s) 200
2025-09-06 09:37:34,772 [INFO] ServerAccessManage:509 - Download File wolfSSL.I-CUBE-wolfSSL.pdsc
2025-09-06 09:37:36,435 [WARN] MainUpdater:1193 - Updater busy. Cannot search thirdparties
2025-09-06 09:37:36,436 [INFO] ThirdPartyUpdaterWithRetryManager:96 - Updater plugin is busy. [4/15]
2025-09-06 09:37:39,437 [WARN] MainUpdater:1193 - Updater busy. Cannot search thirdparties
2025-09-06 09:37:39,437 [INFO] ThirdPartyUpdaterWithRetryManager:96 - Updater plugin is busy. [5/15]
2025-09-06 09:37:42,438 [WARN] MainUpdater:1193 - Updater busy. Cannot search thirdparties
2025-09-06 09:37:42,439 [INFO] ThirdPartyUpdaterWithRetryManager:96 - Updater plugin is busy. [6/15]
2025-09-06 09:37:45,440 [WARN] MainUpdater:1193 - Updater busy. Cannot search thirdparties
2025-09-06 09:37:45,440 [INFO] ThirdPartyUpdaterWithRetryManager:96 - Updater plugin is busy. [7/15]
2025-09-06 09:37:48,441 [WARN] MainUpdater:1193 - Updater busy. Cannot search thirdparties
2025-09-06 09:37:48,441 [INFO] ThirdPartyUpdaterWithRetryManager:96 - Updater plugin is busy. [8/15]
2025-09-06 09:37:49,915 [ERROR] ServerAccessManage:1212 - Problem, file not found on Server
2025-09-06 09:37:50,438 [ERROR] ServerAccessManage:1212 - Problem, file not found on Server
2025-09-06 09:37:50,972 [ERROR] ServerAccessManage:1212 - Problem, file not found on Server
2025-09-06 09:37:51,276 [INFO] ServerAccessManage:452 - Complete download http(s) 200
2025-09-06 09:37:51,276 [INFO] ServerAccessManage:509 - Download File wolfSSL.I-CUBE-wolfMQTT.pdsc
2025-09-06 09:37:51,441 [WARN] MainUpdater:1193 - Updater busy. Cannot search thirdparties
2025-09-06 09:37:51,441 [INFO] ThirdPartyUpdaterWithRetryManager:96 - Updater plugin is busy. [9/15]
2025-09-06 09:37:53,809 [ERROR] ServerAccessManage:1212 - Problem, file not found on Server
2025-09-06 09:37:54,120 [INFO] ServerAccessManage:452 - Complete download http(s) 200
2025-09-06 09:37:54,120 [INFO] ServerAccessManage:509 - Download File wolfSSL.I-CUBE-wolfTPM.pdsc
2025-09-06 09:37:54,442 [WARN] MainUpdater:1193 - Updater busy. Cannot search thirdparties
2025-09-06 09:37:54,442 [INFO] ThirdPartyUpdaterWithRetryManager:96 - Updater plugin is busy. [10/15]
2025-09-06 09:37:57,275 [INFO] ServerAccessManage:452 - Complete download http(s) 200
2025-09-06 09:37:57,275 [INFO] ServerAccessManage:509 - Download File wolfSSL.I-CUBE-wolfSSH.pdsc
2025-09-06 09:37:57,442 [WARN] MainUpdater:1193 - Updater busy. Cannot search thirdparties
2025-09-06 09:37:57,442 [INFO] ThirdPartyUpdaterWithRetryManager:96 - Updater plugin is busy. [11/15]
2025-09-06 09:38:00,443 [WARN] MainUpdater:1193 - Updater busy. Cannot search thirdparties
2025-09-06 09:38:00,443 [INFO] ThirdPartyUpdaterWithRetryManager:96 - Updater plugin is busy. [12/15]
2025-09-06 09:38:02,196 [INFO] ServerAccessManage:452 - Complete download http(s) 200
2025-09-06 09:38:02,196 [INFO] ServerAccessManage:509 - Download File RealThread.X-CUBE-RT-Thread_Nano.pdsc
2025-09-06 09:38:03,443 [WARN] MainUpdater:1193 - Updater busy. Cannot search thirdparties
2025-09-06 09:38:03,443 [INFO] ThirdPartyUpdaterWithRetryManager:96 - Updater plugin is busy. [13/15]
2025-09-06 09:38:05,991 [INFO] ServerAccessManage:452 - Complete download http(s) 200
2025-09-06 09:38:05,992 [INFO] ServerAccessManage:509 - Download File SEGGER.I-CUBE-embOS.pdsc
2025-09-06 09:38:06,443 [WARN] MainUpdater:1193 - Updater busy. Cannot search thirdparties
2025-09-06 09:38:06,444 [INFO] ThirdPartyUpdaterWithRetryManager:96 - Updater plugin is busy. [14/15]
2025-09-06 09:38:09,444 [WARN] MainUpdater:1193 - Updater busy. Cannot search thirdparties
2025-09-06 09:38:09,444 [INFO] ThirdPartyUpdaterWithRetryManager:96 - Updater plugin is busy. [15/15]
2025-09-06 09:38:09,444 [ERROR] IntegrityCheckThread:130 - Cannot retrieve database content from updater: error -1
2025-09-06 09:38:09,444 [INFO] ThirdParty:978 - Integrity check success = false
2025-09-06 09:38:09,444 [INFO] IntegrityCheckThread:100 - exiting critical section [integrity check]
2025-09-06 09:38:09,445 [INFO] IntegrityCheckThread:103 - End integrity checks thread
2025-09-06 09:38:09,991 [INFO] ServerAccessManage:452 - Complete download http(s) 200
2025-09-06 09:38:09,991 [INFO] ServerAccessManage:509 - Download File emotas.I-CUBE-CANOPEN.pdsc
2025-09-06 09:38:14,304 [INFO] ServerAccessManage:452 - Complete download http(s) 200
2025-09-06 09:38:14,305 [INFO] ServerAccessManage:509 - Download File WES.I-CUBE-Cesium.pdsc
2025-09-06 09:38:14,411 [INFO] WebApp:194 - Connection lost
2025-09-06 09:38:14,766 [INFO] WebApp:191 - Connection restablished
2025-09-06 09:38:15,982 [ERROR] ServerAccessManage:1212 - Problem, file not found on Server
2025-09-06 09:38:16,378 [ERROR] ServerAccessManage:1212 - Problem, file not found on Server
2025-09-06 09:38:18,049 [INFO] WebApp:194 - Connection lost
2025-09-06 09:38:18,465 [INFO] WebApp:191 - Connection restablished
2025-09-06 09:38:19,696 [INFO] ServerAccessManage:452 - Complete download http(s) 200
2025-09-06 09:38:19,697 [INFO] ServerAccessManage:509 - Download File ITTIA_DB.I-CUBE-ITTIADB.pdsc
2025-09-06 09:39:09,847 [INFO] WebApp:194 - Connection lost
2025-09-06 09:39:10,217 [INFO] WebApp:191 - Connection restablished
2025-09-06 09:39:12,057 [WARN] ServerAccessManage:1291 - Warning during Server Connection :  timeout Connect timed out
2025-09-06 09:39:12,776 [INFO] ServerAccessManage:452 - Complete download http(s) 200
2025-09-06 09:39:12,776 [INFO] ServerAccessManage:509 - Download File Infineon.AIROC-Wi-Fi-Bluetooth-STM32.pdsc
2025-09-06 09:39:17,866 [INFO] ServerAccessManage:452 - Complete download http(s) 200
2025-09-06 09:39:17,866 [INFO] ServerAccessManage:509 - Download File Cesanta.I-CUBE-Mongoose.pdsc
2025-09-06 09:39:24,434 [INFO] ServerAccessManage:452 - Complete download http(s) 200
2025-09-06 09:39:24,435 [INFO] ServerAccessManage:509 - Download File EmbeddedOffice.I-CUBE-FS-RTOS.pdsc
2025-09-06 09:39:27,033 [INFO] ServerAccessManage:452 - Complete download http(s) 200
2025-09-06 09:39:27,033 [INFO] ServerAccessManage:509 - Download File quantropi.X-CUBE-qispace-sdk-base.pdsc
2025-09-06 09:39:31,526 [INFO] ServerAccessManage:452 - Complete download http(s) 200
2025-09-06 09:39:31,526 [INFO] ServerAccessManage:509 - Download File Avnet-IotConnect.X-CUBE-IoTC-DA16k-PMOD.pdsc
2025-09-06 09:39:32,122 [WARN] PackLoader:240 - Cannot read IP mode file for STMicroelectronics.X-CUBE-STSE01.1.0.0
2025-09-06 09:39:32,152 [WARN] PackLoader:240 - Cannot read IP mode file for STMicroelectronics.X-CUBE-AZRTOS-F4.1.1.0
2025-09-06 09:39:32,186 [WARN] PackLoader:240 - Cannot read IP mode file for STMicroelectronics.X-CUBE-AZRTOS-F7.1.1.0
2025-09-06 09:39:32,219 [WARN] ConditionMgr:438 - getConditionDescription Invalid condition id : LAN8742 Phy interface Condition cause : null
2025-09-06 09:39:32,220 [WARN] PackLoader:240 - Cannot read IP mode file for STMicroelectronics.X-CUBE-AZRTOS-L4.2.0.0
2025-09-06 09:39:32,222 [WARN] ConditionMgr:1044 - genDependencies : Invalid condition id : LAN8742 Phy interface Condition cause : null
2025-09-06 09:39:32,223 [WARN] ConditionMgr:1044 - genDependencies : Invalid condition id : LAN8742 Phy interface Condition cause : null
2025-09-06 09:39:32,223 [WARN] ConditionMgr:1044 - genDependencies : Invalid condition id : LAN8742 Phy interface Condition cause : null
2025-09-06 09:39:32,248 [WARN] PackLoader:240 - Cannot read IP mode file for STMicroelectronics.X-CUBE-AZRTOS-L5.2.0.0
2025-09-06 09:39:32,272 [WARN] PackLoader:240 - Cannot read IP mode file for STMicroelectronics.X-CUBE-AZRTOS-G0.1.1.0
2025-09-06 09:39:32,280 [INFO] CheckServerUpdateThread:120 - End of CheckServer Thread
2025-09-06 09:39:32,291 [WARN] PackLoader:240 - Cannot read IP mode file for STMicroelectronics.X-CUBE-AZRTOS-G4.2.0.0
2025-09-06 09:39:32,301 [WARN] ConditionMgr:438 - getConditionDescription Invalid condition id : UX DEVICE CLASS RTOS Condition cause : null
2025-09-06 09:39:32,301 [WARN] ConditionMgr:438 - getConditionDescription Invalid condition id : UX DEVICE CLASS RTOS Condition cause : null
2025-09-06 09:39:32,303 [WARN] PackLoader:240 - Cannot read IP mode file for STMicroelectronics.X-CUBE-AZRTOS-WB.2.0.0
2025-09-06 09:39:32,303 [WARN] ConditionMgr:1044 - genDependencies : Invalid condition id : UX DEVICE CLASS RTOS Condition cause : null
2025-09-06 09:39:32,303 [WARN] ConditionMgr:1044 - genDependencies : Invalid condition id : UX DEVICE CLASS RTOS Condition cause : null
2025-09-06 09:39:32,303 [WARN] ConditionMgr:1044 - genDependencies : Invalid condition id : UX DEVICE CLASS RTOS Condition cause : null
2025-09-06 09:39:32,304 [WARN] ConditionMgr:1044 - genDependencies : Invalid condition id : UX DEVICE CLASS RTOS Condition cause : null
2025-09-06 09:39:32,304 [WARN] ConditionMgr:1044 - genDependencies : Invalid condition id : UX DEVICE CLASS RTOS Condition cause : null
2025-09-06 09:39:32,309 [INFO] LogOutputStream:77 - [STDOUT_REDIRECT] 1 : Invalid condition id : UX_CORESTACK_Condition cause : null
2025-09-06 09:39:32,310 [INFO] LogOutputStream:77 - [STDOUT_REDIRECT] 1 : Invalid condition id : UX_CORESTACK_Condition cause : null
2025-09-06 09:39:32,310 [INFO] LogOutputStream:77 - [STDOUT_REDIRECT] 1 : Invalid condition id : UX_CORESTACK_Condition cause : null
2025-09-06 09:39:32,310 [INFO] LogOutputStream:77 - [STDOUT_REDIRECT] 1 : Invalid condition id : UX_CORESTACK_Condition cause : null
2025-09-06 09:39:32,310 [INFO] LogOutputStream:77 - [STDOUT_REDIRECT] 1 : Invalid condition id : UX_CORESTACK_Condition cause : null
2025-09-06 09:39:32,312 [WARN] PackLoader:240 - Cannot read IP mode file for STMicroelectronics.X-CUBE-AZRTOS-WL.2.0.0
2025-09-06 09:39:32,316 [WARN] PackLoader:240 - Cannot read IP mode file for STMicroelectronics.X-CUBE-WB05N.2.0.0
2025-09-06 09:39:32,319 [WARN] PackLoader:240 - Cannot read IP mode file for wolfSSL.I-CUBE-wolfSSL.5.8.2
2025-09-06 09:39:32,321 [WARN] PackLoader:240 - Cannot read IP mode file for wolfSSL.I-CUBE-wolfMQTT.1.19.2
2025-09-06 09:39:32,322 [WARN] PackLoader:240 - Cannot read IP mode file for wolfSSL.I-CUBE-wolfTPM.3.8.0
2025-09-06 09:39:32,324 [WARN] PackLoader:240 - Cannot read IP mode file for wolfSSL.I-CUBE-wolfSSH.1.4.20
2025-09-06 09:39:32,326 [WARN] PackLoader:240 - Cannot read IP mode file for RealThread.X-CUBE-RT-Thread_Nano.4.1.1
2025-09-06 09:39:32,346 [WARN] PackLoader:240 - Cannot read IP mode file for SEGGER.I-CUBE-embOS.1.3.1
2025-09-06 09:39:32,384 [WARN] PackLoader:240 - Cannot read IP mode file for emotas.I-CUBE-CANOPEN.1.3.0
2025-09-06 09:39:32,391 [WARN] PackLoader:240 - Cannot read IP mode file for WES.I-CUBE-Cesium.1.4.0
2025-09-06 09:39:32,396 [WARN] PackLoader:240 - Cannot read IP mode file for ITTIA_DB.I-CUBE-ITTIADB.8.9.0
2025-09-06 09:39:32,409 [WARN] PackLoader:240 - Cannot read IP mode file for Infineon.AIROC-Wi-Fi-Bluetooth-STM32.1.7.1
2025-09-06 09:39:32,414 [WARN] PackLoader:240 - Cannot read IP mode file for Cesanta.I-CUBE-Mongoose.7.13.0
2025-09-06 09:39:32,420 [WARN] PackLoader:240 - Cannot read IP mode file for EmbeddedOffice.I-CUBE-FS-RTOS.1.0.1
2025-09-06 09:39:32,422 [WARN] ConditionMgr:438 - getConditionDescription Invalid condition id : Cortex-A Device cause : null
2025-09-06 09:39:32,429 [WARN] ConditionMgr:1044 - genDependencies : Invalid condition id : Cortex-A Device cause : null
2025-09-06 09:39:32,429 [WARN] ConditionMgr:1044 - genDependencies : Invalid condition id : Cortex-A Device cause : null
2025-09-06 09:39:32,429 [WARN] ConditionMgr:1044 - genDependencies : Invalid condition id : Cortex-A Device cause : null
2025-09-06 09:39:32,431 [WARN] PackLoader:240 - Cannot read IP mode file for Avnet-IotConnect.X-CUBE-IoTC-DA16k-PMOD.1.0.0
2025-09-06 09:39:32,431 [INFO] PopulateThirdPartyThread:66 - Ending populate Thread
2025-09-06 09:39:32,432 [INFO] ThirdParty:1030 - CMSIS Pack Vendor :wolfSSL I-CUBE-wolfTPM 3.8.0
2025-09-06 09:39:32,432 [INFO] ThirdParty:1030 - CMSIS Pack Vendor :quantropi X-CUBE-qispace-sdk-base 2.1.0
2025-09-06 09:39:32,432 [INFO] ThirdParty:1030 - CMSIS Pack Vendor :wolfSSL I-CUBE-wolfSSH 1.4.20
2025-09-06 09:39:32,432 [INFO] ThirdParty:1030 - CMSIS Pack Vendor :STMicroelectronics X-CUBE-AZRTOS-WL 2.0.0
2025-09-06 09:39:32,433 [INFO] ThirdParty:1030 - CMSIS Pack Vendor :RealThread X-CUBE-RT-Thread_Nano 4.1.1
2025-09-06 09:39:32,433 [INFO] ThirdParty:1030 - CMSIS Pack Vendor :SEGGER I-CUBE-embOS 1.3.1
2025-09-06 09:39:32,433 [INFO] ThirdParty:1030 - CMSIS Pack Vendor :STMicroelectronics X-CUBE-AZRTOS-F4 1.1.0
2025-09-06 09:39:32,433 [INFO] ThirdParty:1030 - CMSIS Pack Vendor :wolfSSL I-CUBE-wolfSSL 5.8.2
2025-09-06 09:39:32,433 [INFO] ThirdParty:1030 - CMSIS Pack Vendor :STMicroelectronics X-CUBE-AZRTOS-G0 1.1.0
2025-09-06 09:39:32,433 [INFO] ThirdParty:1030 - CMSIS Pack Vendor :Avnet-IotConnect X-CUBE-IoTC-DA16k-PMOD 1.0.0
2025-09-06 09:39:32,433 [INFO] ThirdParty:1030 - CMSIS Pack Vendor :wolfSSL I-CUBE-wolfMQTT 1.19.2
2025-09-06 09:39:32,433 [INFO] ThirdParty:1030 - CMSIS Pack Vendor :STMicroelectronics X-CUBE-AZRTOS-L4 2.0.0
2025-09-06 09:39:32,433 [INFO] ThirdParty:1030 - CMSIS Pack Vendor :STMicroelectronics X-CUBE-AZRTOS-WB 2.0.0
2025-09-06 09:39:32,433 [INFO] ThirdParty:1030 - CMSIS Pack Vendor :emotas I-CUBE-CANOPEN 1.3.0
2025-09-06 09:39:32,433 [INFO] ThirdParty:1030 - CMSIS Pack Vendor :EmbeddedOffice I-CUBE-FS-RTOS 1.0.1
2025-09-06 09:39:32,433 [INFO] ThirdParty:1030 - CMSIS Pack Vendor :WES I-CUBE-Cesium 1.4.0
2025-09-06 09:39:32,433 [INFO] ThirdParty:1030 - CMSIS Pack Vendor :Cesanta I-CUBE-Mongoose 7.13.0
2025-09-06 09:39:32,433 [INFO] ThirdParty:1030 - CMSIS Pack Vendor :ITTIA_DB I-CUBE-ITTIADB 8.9.0
2025-09-06 09:39:32,433 [INFO] ThirdParty:1030 - CMSIS Pack Vendor :STMicroelectronics X-CUBE-STSE01 1.0.0
2025-09-06 09:39:32,434 [INFO] ThirdParty:1030 - CMSIS Pack Vendor :STMicroelectronics X-CUBE-AZRTOS-F7 1.1.0
2025-09-06 09:39:32,434 [INFO] ThirdParty:1030 - CMSIS Pack Vendor :STMicroelectronics X-CUBE-AZRTOS-L5 2.0.0
2025-09-06 09:39:32,434 [INFO] ThirdParty:1030 - CMSIS Pack Vendor :STMicroelectronics X-CUBE-AZRTOS-G4 2.0.0
2025-09-06 09:39:32,434 [INFO] ThirdParty:1030 - CMSIS Pack Vendor :Infineon AIROC-Wi-Fi-Bluetooth-STM32 1.7.1
2025-09-06 09:39:32,434 [INFO] ThirdParty:1030 - CMSIS Pack Vendor :STMicroelectronics X-CUBE-WB05N 2.0.0
2025-09-06 09:39:32,435 [INFO] LoadServerUpdatesThread:375 - End of LoadServerUpdate Thread
2025-09-06 10:38:36,656 [ERROR] ConfigurationRetriever:142 - IOException on connection: Connect timed out
2025-09-06 10:38:38,662 [ERROR] ConfigurationRetriever:142 - IOException on connection: Connect timed out
2025-09-06 10:38:40,668 [ERROR] ConfigurationRetriever:142 - IOException on connection: Connect timed out
2025-09-06 10:40:13,990 [INFO] WebApp:194 - Connection lost
2025-09-06 10:40:14,876 [INFO] WebApp:191 - Connection restablished
2025-09-06 10:40:51,252 [INFO] WebApp:194 - Connection lost
2025-09-06 10:40:52,672 [INFO] WebApp:191 - Connection restablished
2025-09-06 10:41:28,643 [INFO] WebApp:194 - Connection lost
2025-09-06 10:41:29,945 [INFO] WebApp:191 - Connection restablished
2025-09-06 10:42:01,735 [ERROR] LogOutputStream:75 - [STDERR_REDIRECT] 
