2025-08-23 09:42:24,824 [INFO] Activator:176 - 


2025-08-23 09:42:24,828 [INFO] Activator:177 - !SESSION log4j initialized
2025-08-23 09:42:28,195 [INFO] LogOutputStream:77 - [STDOUT_REDIRECT] 
2025-08-23 09:42:28,565 [ERROR] ConfigurationRetriever:142 - IOException on connection: sw-center.st.com
2025-08-23 09:42:28,566 [ERROR] ConfigurationRetriever:142 - IOException on connection: sw-center.st.com
2025-08-23 09:42:28,566 [ERROR] ConfigurationRetriever:142 - IOException on connection: sw-center.st.com
2025-08-23 09:42:29,093 [INFO] ApplicationProperties:184 - Using Application install path: /opt/st/stm32cubeide_1.19.0/plugins/com.st.stm32cube.common.mx_6.15.0.202507011659
2025-08-23 09:42:29,121 [INFO] DbMcusXml:78 - Set database path to: /opt/st/stm32cubeide_1.19.0/plugins/com.st.stm32cube.common.mx_6.15.0.202507011659//db//mcu/
2025-08-23 09:42:29,121 [INFO] ApiDb:274 - Set plugin database path to: /opt/st/stm32cubeide_1.19.0/plugins/com.st.stm32cube.common.mx_6.15.0.202507011659//db//plugins/boardmanager/
2025-08-23 09:42:29,122 [WARN] ApiDb:259 - Overriding images path with different value:  => /opt/st/stm32cubeide_1.19.0/plugins/com.st.stm32cube.common.mx_6.15.0.202507011659//db//plugins/mcufinder/images/
2025-08-23 09:42:29,135 [INFO] ApiDb:250 - Set database path to: /home/nqh/.stmcufinder/plugins/mcufinder//mcu/
2025-08-23 09:42:29,137 [INFO] DbMcusAds:125 - Set database path to: /home/nqh/.stmcufinder/plugins/mcufinder//mcu/
2025-08-23 09:42:29,139 [INFO] CrossReferenceDbSqlite:203 - Set database path to: /home/nqh/.stmcufinder/plugins/mcufinder//mcu/cs/
2025-08-23 09:42:29,310 [INFO] RulesReader:64 - Compatibility file has been processed (317 Rules)
2025-08-23 09:42:29,389 [INFO] DbMcusXml:78 - Set database path to: /opt/st/stm32cubeide_1.19.0/plugins/com.st.stm32cube.common.mx_6.15.0.202507011659//db//mcu/
2025-08-23 09:42:29,390 [INFO] ApiDb:274 - Set plugin database path to: /opt/st/stm32cubeide_1.19.0/plugins/com.st.stm32cube.common.mx_6.15.0.202507011659//db//plugins/boardmanager/
2025-08-23 09:42:29,390 [INFO] ApiDb:261 - Set plugin images path to: /opt/st/stm32cubeide_1.19.0/plugins/com.st.stm32cube.common.mx_6.15.0.202507011659//db//plugins/mcufinder/images/
2025-08-23 09:42:29,390 [WARN] DbFile:41 - Overriding database path with different value: /home/nqh/.stmcufinder/plugins/mcufinder/ => /home/nqh/.stmcufinder/plugins/mcufinder
2025-08-23 09:42:29,390 [INFO] ApiDb:250 - Set database path to: /home/nqh/.stmcufinder/plugins/mcufinder//mcu/
2025-08-23 09:42:29,390 [WARN] DbFile:41 - Overriding database path with different value: /home/nqh/.stmcufinder/plugins/mcufinder/ => /home/nqh/.stmcufinder/plugins/mcufinder
2025-08-23 09:42:29,390 [INFO] DbMcusAds:125 - Set database path to: /home/nqh/.stmcufinder/plugins/mcufinder//mcu/
2025-08-23 09:42:29,391 [WARN] DbFile:41 - Overriding database path with different value: /home/nqh/.stmcufinder/plugins/mcufinder/ => /home/nqh/.stmcufinder/plugins/mcufinder
2025-08-23 09:42:29,391 [WARN] DbFile:41 - Overriding database path with different value: /home/nqh/.stmcufinder/plugins/mcufinder/ => /home/nqh/.stmcufinder/plugins/mcufinder
2025-08-23 09:42:29,391 [INFO] CrossReferenceDbSqlite:203 - Set database path to: /home/nqh/.stmcufinder/plugins/mcufinder//mcu/cs/
2025-08-23 09:42:29,485 [INFO] MainPanel:274 - HeapMemory: 268435456
2025-08-23 09:42:29,643 [INFO] DbMcusXml:78 - Set database path to: /opt/st/stm32cubeide_1.19.0/plugins/com.st.stm32cube.common.mx_6.15.0.202507011659//db//mcu/
2025-08-23 09:42:29,643 [INFO] ApiDb:274 - Set plugin database path to: /opt/st/stm32cubeide_1.19.0/plugins/com.st.stm32cube.common.mx_6.15.0.202507011659//db//plugins/boardmanager/
2025-08-23 09:42:29,643 [INFO] ApiDb:261 - Set plugin images path to: /opt/st/stm32cubeide_1.19.0/plugins/com.st.stm32cube.common.mx_6.15.0.202507011659//db//plugins/mcufinder/images/
2025-08-23 09:42:29,644 [WARN] DbFile:41 - Overriding database path with different value: /home/nqh/.stmcufinder/plugins/mcufinder/ => /home/nqh/.stmcufinder/plugins/mcufinder
2025-08-23 09:42:29,644 [INFO] ApiDb:250 - Set database path to: /home/nqh/.stmcufinder/plugins/mcufinder//mcu/
2025-08-23 09:42:29,644 [WARN] DbFile:41 - Overriding database path with different value: /home/nqh/.stmcufinder/plugins/mcufinder/ => /home/nqh/.stmcufinder/plugins/mcufinder
2025-08-23 09:42:29,644 [INFO] DbMcusAds:125 - Set database path to: /home/nqh/.stmcufinder/plugins/mcufinder//mcu/
2025-08-23 09:42:29,644 [WARN] DbFile:41 - Overriding database path with different value: /home/nqh/.stmcufinder/plugins/mcufinder/ => /home/nqh/.stmcufinder/plugins/mcufinder
2025-08-23 09:42:29,644 [WARN] DbFile:41 - Overriding database path with different value: /home/nqh/.stmcufinder/plugins/mcufinder/ => /home/nqh/.stmcufinder/plugins/mcufinder
2025-08-23 09:42:29,645 [INFO] CrossReferenceDbSqlite:203 - Set database path to: /home/nqh/.stmcufinder/plugins/mcufinder//mcu/cs/
2025-08-23 09:42:29,659 [INFO] ApplicationProperties:184 - Using Application install path: /opt/st/stm32cubeide_1.19.0/plugins/com.st.stm32cube.common.mx_6.15.0.202507011659
2025-08-23 09:42:29,661 [INFO] PluginManage:196 - Search for loadable plugins [exclusion list=, ]
2025-08-23 09:42:29,662 [INFO] PluginManage:310 - Check plugin analytics
2025-08-23 09:42:29,833 [INFO] AnalyticsPlugin:253 - Accepted Software Licenses: 
2025-08-23 09:42:29,833 [INFO] AnalyticsPlugin:255 - Accepted CMSIS Pack Licenses: 
2025-08-23 09:42:29,833 [INFO] AnalyticsPlugin:257 - Accepted Firmware Licenses: FW.F4.1.28.0
2025-08-23 09:42:29,836 [INFO] PluginManage:359 - Loaded plugin analytics (category:tool,tabindex:-1)
2025-08-23 09:42:29,836 [INFO] PluginManage:310 - Check plugin cadmodel
2025-08-23 09:42:29,837 [ERROR] ConfigurationRetriever:142 - IOException on connection: sw-center.st.com
2025-08-23 09:42:29,838 [ERROR] ConfigurationRetriever:142 - IOException on connection: sw-center.st.com
2025-08-23 09:42:29,838 [ERROR] ConfigurationRetriever:142 - IOException on connection: sw-center.st.com
2025-08-23 09:42:29,842 [INFO] CADModel:105 - Init CAD model plugin
2025-08-23 09:42:29,842 [INFO] PluginManage:359 - Loaded plugin cadmodel (category:power,tabindex:5)
2025-08-23 09:42:29,842 [INFO] PluginManage:310 - Check plugin clock
2025-08-23 09:42:29,852 [INFO] PluginManage:359 - Loaded plugin clock (category:base,tabindex:2)
2025-08-23 09:42:29,852 [INFO] PluginManage:310 - Check plugin ddr
2025-08-23 09:42:29,855 [INFO] PluginManage:359 - Loaded plugin ddr (category:tool,tabindex:6)
2025-08-23 09:42:29,855 [INFO] PluginManage:310 - Check plugin filemanager
2025-08-23 09:42:29,995 [INFO] PluginManage:359 - Loaded plugin filemanager (category:base,tabindex:10)
2025-08-23 09:42:29,995 [INFO] PluginManage:310 - Check plugin ipmanager
2025-08-23 09:42:30,000 [INFO] PluginManage:359 - Loaded plugin ipmanager (category:base,tabindex:5)
2025-08-23 09:42:30,000 [INFO] PluginManage:310 - Check plugin lpbam
2025-08-23 09:42:30,009 [INFO] PluginManage:359 - Loaded plugin lpbam (category:base,tabindex:0)
2025-08-23 09:42:30,009 [INFO] PluginManage:310 - Check plugin memorymap
2025-08-23 09:42:30,025 [INFO] PluginManage:359 - Loaded plugin memorymap (category:base,tabindex:4)
2025-08-23 09:42:30,025 [INFO] PluginManage:310 - Check plugin pinoutandconfiguration
2025-08-23 09:42:30,035 [INFO] PluginManage:359 - Loaded plugin pinoutandconfiguration (category:base,tabindex:1)
2025-08-23 09:42:30,035 [INFO] PluginManage:310 - Check plugin pinoutconfig
2025-08-23 09:42:30,115 [WARN] SupportedApi:132 - Cannot load RTOS API schema: s4s-elt-must-match.1: The content of 'definitions' must match (annotation?, (simpleType | complexType)?, (unique | key | keyref)*)). A problem was found starting at: attribute.
2025-08-23 09:42:30,249 [INFO] PluginManage:359 - Loaded plugin pinoutconfig (category:base,tabindex:0)
2025-08-23 09:42:30,249 [INFO] PluginManage:310 - Check plugin power
2025-08-23 09:42:30,259 [INFO] PluginManage:359 - Loaded plugin power (category:power,tabindex:4)
2025-08-23 09:42:30,260 [INFO] PluginManage:310 - Check plugin projectmanager
2025-08-23 09:42:30,273 [INFO] PluginManage:359 - Loaded plugin projectmanager (category:projectmanager,tabindex:4)
2025-08-23 09:42:30,273 [INFO] PluginManage:310 - Check plugin rif
2025-08-23 09:42:30,281 [INFO] PluginManage:359 - Loaded plugin rif (category:base,tabindex:3)
2025-08-23 09:42:30,281 [INFO] PluginManage:310 - Check plugin thirdparty
2025-08-23 09:42:30,392 [INFO] PluginManage:359 - Loaded plugin thirdparty (category:base,tabindex:-1)
2025-08-23 09:42:30,391 [WARN] IntegrityCheckThread:84 - waiting for thirdparty lock release [integrity check]
2025-08-23 09:42:30,392 [INFO] PluginManage:310 - Check plugin tools
2025-08-23 09:42:30,392 [INFO] IntegrityCheckThread:86 - entering critical section [integrity check]
2025-08-23 09:42:30,392 [INFO] ThirdPartyUpdaterWithRetryManager:70 - Updater plugin not ready yet. [1/15]
2025-08-23 09:42:30,394 [INFO] PluginManage:359 - Loaded plugin tools (category:base,tabindex:7)
2025-08-23 09:42:30,394 [INFO] PluginManage:310 - Check plugin tutovideos
2025-08-23 09:42:30,576 [INFO] PluginManage:359 - Loaded plugin tutovideos (category:base,tabindex:-1)
2025-08-23 09:42:30,576 [INFO] PluginManage:310 - Check plugin updater
2025-08-23 09:42:30,596 [INFO] PluginManage:359 - Loaded plugin updater (category:base,tabindex:12)
2025-08-23 09:42:30,597 [INFO] PluginManage:310 - Check plugin userauth
2025-08-23 09:42:30,601 [INFO] UserAuth:118 - Init User Auth plugin
2025-08-23 09:42:30,602 [INFO] PluginManage:359 - Loaded plugin userauth (category:base,tabindex:14)
2025-08-23 09:42:30,602 [INFO] PluginManage:283 - PluginManage : Loaded plugins [18]
2025-08-23 09:42:30,774 [INFO] PinOutPanel:1589 - setPackage(No Configuration,No Configuration)
2025-08-23 09:42:30,846 [INFO] CADModel:165 - CPN selected for project level
2025-08-23 09:42:30,846 [INFO] CADModel:114 - Register for checkConnection events
2025-08-23 09:42:30,857 [INFO] IPUIPlugin:80 - create IPUIPlugin
2025-08-23 09:42:30,858 [INFO] PluginManager:220 - loadIPPluginJar : add dfsdm
2025-08-23 09:42:30,859 [INFO] IPUIPlugin:80 - create IPUIPlugin
2025-08-23 09:42:30,859 [INFO] PluginManager:220 - loadIPPluginJar : add genericplugin
2025-08-23 09:42:30,866 [INFO] IPUIPlugin:80 - create IPUIPlugin
2025-08-23 09:42:30,866 [INFO] PluginManager:220 - loadIPPluginJar : add ipddr
2025-08-23 09:42:30,868 [INFO] IPUIPlugin:80 - create IPUIPlugin
2025-08-23 09:42:30,868 [INFO] PluginManager:220 - loadIPPluginJar : add ts
2025-08-23 09:42:30,870 [INFO] IPUIPlugin:80 - create IPUIPlugin
2025-08-23 09:42:30,870 [INFO] PluginManager:220 - loadIPPluginJar : add pdm2pcm
2025-08-23 09:42:30,873 [INFO] IPUIPlugin:80 - create IPUIPlugin
2025-08-23 09:42:30,873 [INFO] PluginManager:220 - loadIPPluginJar : add usbx
2025-08-23 09:42:30,874 [INFO] IPUIPlugin:80 - create IPUIPlugin
2025-08-23 09:42:30,874 [INFO] PluginManager:220 - loadIPPluginJar : add tsc
2025-08-23 09:42:30,876 [INFO] IPUIPlugin:80 - create IPUIPlugin
2025-08-23 09:42:30,876 [INFO] PluginManager:220 - loadIPPluginJar : add radio
2025-08-23 09:42:30,878 [INFO] IPUIPlugin:80 - create IPUIPlugin
2025-08-23 09:42:30,878 [INFO] PluginManager:220 - loadIPPluginJar : add aes
2025-08-23 09:42:30,884 [INFO] IPUIPlugin:80 - create IPUIPlugin
2025-08-23 09:42:30,884 [INFO] PluginManager:220 - loadIPPluginJar : add stm32_wpan
2025-08-23 09:42:30,889 [INFO] IPUIPlugin:80 - create IPUIPlugin
2025-08-23 09:42:30,889 [INFO] PluginManager:220 - loadIPPluginJar : add nvic
2025-08-23 09:42:30,894 [INFO] IPUIPlugin:80 - create IPUIPlugin
2025-08-23 09:42:30,895 [INFO] PluginManager:220 - loadIPPluginJar : add dma
2025-08-23 09:42:30,896 [INFO] IPUIPlugin:80 - create IPUIPlugin
2025-08-23 09:42:30,897 [INFO] PluginManager:220 - loadIPPluginJar : add i2s
2025-08-23 09:42:30,899 [INFO] IPUIPlugin:80 - create IPUIPlugin
2025-08-23 09:42:30,899 [INFO] PluginManager:220 - loadIPPluginJar : add opamp
2025-08-23 09:42:30,901 [INFO] IPUIPlugin:80 - create IPUIPlugin
2025-08-23 09:42:30,901 [INFO] PluginManager:220 - loadIPPluginJar : add i2c
2025-08-23 09:42:30,908 [INFO] IPUIPlugin:80 - create IPUIPlugin
2025-08-23 09:42:30,910 [INFO] PluginManager:220 - loadIPPluginJar : add plateformsettings
2025-08-23 09:42:30,912 [INFO] IPUIPlugin:80 - create IPUIPlugin
2025-08-23 09:42:30,912 [INFO] PluginManager:220 - loadIPPluginJar : add quadspi
2025-08-23 09:42:30,914 [INFO] IPUIPlugin:80 - create IPUIPlugin
2025-08-23 09:42:30,914 [INFO] PluginManager:220 - loadIPPluginJar : add usart
2025-08-23 09:42:30,916 [INFO] IPUIPlugin:80 - create IPUIPlugin
2025-08-23 09:42:30,916 [INFO] PluginManager:220 - loadIPPluginJar : add gtzc
2025-08-23 09:42:30,919 [INFO] IPUIPlugin:80 - create IPUIPlugin
2025-08-23 09:42:30,919 [INFO] PluginManager:220 - loadIPPluginJar : add openamp
2025-08-23 09:42:30,922 [INFO] IPUIPlugin:80 - create IPUIPlugin
2025-08-23 09:42:30,923 [INFO] PluginManager:220 - loadIPPluginJar : add ddr_ctrl_phy
2025-08-23 09:42:30,925 [INFO] IPUIPlugin:80 - create IPUIPlugin
2025-08-23 09:42:30,925 [INFO] PluginManager:220 - loadIPPluginJar : add spi
2025-08-23 09:42:30,927 [INFO] IPUIPlugin:80 - create IPUIPlugin
2025-08-23 09:42:30,927 [INFO] PluginManager:220 - loadIPPluginJar : add lorawan
2025-08-23 09:42:30,929 [INFO] IPUIPlugin:80 - create IPUIPlugin
2025-08-23 09:42:30,929 [INFO] PluginManager:220 - loadIPPluginJar : add can
2025-08-23 09:42:30,934 [INFO] IPUIPlugin:80 - create IPUIPlugin
2025-08-23 09:42:30,935 [INFO] PluginManager:220 - loadIPPluginJar : add linkedlist
2025-08-23 09:42:30,936 [INFO] IPUIPlugin:80 - create IPUIPlugin
2025-08-23 09:42:30,936 [INFO] PluginManager:220 - loadIPPluginJar : add comp
2025-08-23 09:42:30,941 [INFO] IPUIPlugin:80 - create IPUIPlugin
2025-08-23 09:42:30,941 [INFO] PluginManager:220 - loadIPPluginJar : add gpio
2025-08-23 09:42:30,942 [INFO] IPUIPlugin:80 - create IPUIPlugin
2025-08-23 09:42:30,942 [INFO] PluginManager:220 - loadIPPluginJar : add tim
2025-08-23 09:42:30,945 [INFO] IPUIPlugin:80 - create IPUIPlugin
2025-08-23 09:42:30,945 [INFO] PluginManager:220 - loadIPPluginJar : add touchsensing
2025-08-23 09:42:30,948 [INFO] IPUIPlugin:80 - create IPUIPlugin
2025-08-23 09:42:30,948 [INFO] PluginManager:220 - loadIPPluginJar : add sai
2025-08-23 09:42:30,950 [INFO] IPUIPlugin:80 - create IPUIPlugin
2025-08-23 09:42:30,950 [INFO] PluginManager:220 - loadIPPluginJar : add gfxmmu
2025-08-23 09:42:30,956 [INFO] IPUIPlugin:80 - create IPUIPlugin
2025-08-23 09:42:30,956 [INFO] PluginManager:220 - loadIPPluginJar : add freertos
2025-08-23 09:42:30,959 [INFO] IPUIPlugin:80 - create IPUIPlugin
2025-08-23 09:42:30,959 [INFO] PluginManager:220 - loadIPPluginJar : add i3c
2025-08-23 09:42:30,961 [INFO] IPUIPlugin:80 - create IPUIPlugin
2025-08-23 09:42:30,961 [INFO] PluginManager:220 - loadIPPluginJar : add dma3
2025-08-23 09:42:30,965 [INFO] IPUIPlugin:80 - create IPUIPlugin
2025-08-23 09:42:30,965 [INFO] PluginManager:220 - loadIPPluginJar : add fmc
2025-08-23 09:42:30,970 [INFO] IPUIPlugin:80 - create IPUIPlugin
2025-08-23 09:42:30,970 [INFO] PluginManager:220 - loadIPPluginJar : add mdma
2025-08-23 09:42:30,971 [INFO] IPUIPlugin:80 - create IPUIPlugin
2025-08-23 09:42:30,972 [INFO] PluginManager:220 - loadIPPluginJar : add fatfs
2025-08-23 09:42:30,978 [INFO] IPUIPlugin:80 - create IPUIPlugin
2025-08-23 09:42:30,978 [INFO] PluginManager:220 - loadIPPluginJar : add adc
2025-08-23 09:42:30,980 [INFO] IPUIPlugin:80 - create IPUIPlugin
2025-08-23 09:42:30,980 [INFO] PluginManager:220 - loadIPPluginJar : add ucpd
2025-08-23 09:42:30,985 [INFO] IPUIPlugin:80 - create IPUIPlugin
2025-08-23 09:42:30,985 [INFO] PluginManager:220 - loadIPPluginJar : add gic
2025-08-23 09:42:30,988 [INFO] IPUIPlugin:80 - create IPUIPlugin
2025-08-23 09:42:30,988 [INFO] PluginManager:220 - loadIPPluginJar : add extmemmanager
2025-08-23 09:42:30,989 [INFO] IPUIPlugin:80 - create IPUIPlugin
2025-08-23 09:42:30,990 [INFO] PluginManager:220 - loadIPPluginJar : add ltdc
2025-08-23 09:42:30,991 [INFO] IPUIPlugin:80 - create IPUIPlugin
2025-08-23 09:42:30,992 [INFO] PluginManager:220 - loadIPPluginJar : add tracer_emb
2025-08-23 09:42:30,995 [INFO] IPUIPlugin:80 - create IPUIPlugin
2025-08-23 09:42:30,995 [INFO] PluginManager:220 - loadIPPluginJar : add resmgrutility
2025-08-23 09:42:30,997 [INFO] IPUIPlugin:80 - create IPUIPlugin
2025-08-23 09:42:30,997 [INFO] PluginManager:220 - loadIPPluginJar : add cryp
2025-08-23 09:42:30,999 [INFO] IPUIPlugin:80 - create IPUIPlugin
2025-08-23 09:42:30,999 [INFO] PluginManager:220 - loadIPPluginJar : add hash
2025-08-23 09:42:31,097 [FATAL] Updater:351 - Updater called before beeing initialized
2025-08-23 09:42:31,145 [INFO] RulesReader:64 - Compatibility file has been processed (317 Rules)
2025-08-23 09:42:31,164 [INFO] RulesReader:64 - Compatibility file has been processed (317 Rules)
2025-08-23 09:42:31,176 [INFO] CADModel:165 - CPN selected for project level
2025-08-23 09:42:31,176 [INFO] CADModel:114 - Register for checkConnection events
2025-08-23 09:42:31,176 [FATAL] Updater:351 - Updater called before beeing initialized
2025-08-23 09:42:31,176 [ERROR] CADModel:125 - Updater not yet initialized, retry later 
2025-08-23 09:42:31,309 [FATAL] Updater:351 - Updater called before beeing initialized
2025-08-23 09:42:31,312 [INFO] CADModel:165 - CPN selected for project level
2025-08-23 09:42:31,312 [INFO] CADModel:114 - Register for checkConnection events
2025-08-23 09:42:31,312 [FATAL] Updater:351 - Updater called before beeing initialized
2025-08-23 09:42:31,312 [ERROR] CADModel:125 - Updater not yet initialized, retry later 
2025-08-23 09:42:31,316 [FATAL] Updater:351 - Updater called before beeing initialized
2025-08-23 09:42:31,407 [FATAL] Updater:351 - Updater called before beeing initialized
2025-08-23 09:42:31,411 [INFO] DbMcusAds:53 - JSON generation date=Tue Jul 08 15:14:23 ICT 2025 (1751962463582)
2025-08-23 09:42:31,411 [FATAL] Updater:351 - Updater called before beeing initialized
2025-08-23 09:42:31,449 [WARN] DetailPanel:346 - Failed to get advertising image, set to default
2025-08-23 09:42:31,520 [FATAL] Updater:351 - Updater called before beeing initialized
2025-08-23 09:42:31,522 [FATAL] Updater:351 - Updater called before beeing initialized
2025-08-23 09:42:31,522 [FATAL] Updater:351 - Updater called before beeing initialized
2025-08-23 09:42:31,522 [WARN] DetailPanel:346 - Failed to get advertising image, set to default
2025-08-23 09:42:31,524 [FATAL] Updater:351 - Updater called before beeing initialized
2025-08-23 09:42:31,558 [ERROR] Updater:1198 - MainUpdater not yet initialized. External WinMGr cannot be set.
2025-08-23 09:42:31,560 [INFO] Updater:1134 - Updater Version found : 6.15.0
2025-08-23 09:42:31,579 [INFO] ApplicationProperties:184 - Using Application install path: /opt/st/stm32cubeide_1.19.0/plugins/com.st.stm32cube.common.mx_6.15.0.202507011659
2025-08-23 09:42:31,815 [INFO] MainUpdater:2872 - connection check result : 22
2025-08-23 09:42:31,815 [INFO] MainUpdater:289 - Updater Check For Update Now.
2025-08-23 09:42:31,815 [INFO] MicroXplorer:498 - Change Database Version : DB.6.0.150
2025-08-23 09:42:31,821 [INFO] McuFinderGlobals:63 - Set McuFinder mode to 2 (CubeIDE integrated)
2025-08-23 09:42:31,822 [INFO] UserAuth:487 - Internet connection configuration mode: 2
2025-08-23 09:42:31,828 [INFO] UserAuth:487 - Internet connection configuration mode: 2
2025-08-23 09:42:31,994 [INFO] CheckServerUpdateThread:120 - End of CheckServer Thread
2025-08-23 09:42:33,515 [WARN] PackLoader:240 - Cannot read IP mode file for STMicroelectronics.FP-SNS-MOTENVWB1.1.4.0
2025-08-23 09:42:33,521 [WARN] PackLoader:240 - Cannot read IP mode file for STMicroelectronics.FP-ATR-ASTRA1.2.0.2
2025-08-23 09:42:33,527 [WARN] PackLoader:240 - Cannot read IP mode file for STMicroelectronics.X-CUBE-SMBUS.2.1.0
2025-08-23 09:42:33,531 [WARN] PackLoader:240 - Cannot read IP mode file for STMicroelectronics.X-CUBE-ST60.1.0.0
2025-08-23 09:42:33,540 [WARN] PackLoader:240 - Cannot read IP mode file for STMicroelectronics.X-CUBE-DISPLAY.3.0.0
2025-08-23 09:42:33,557 [WARN] PackLoader:240 - Cannot read IP mode file for STMicroelectronics.X-CUBE-NFC10.1.0.0
2025-08-23 09:42:33,565 [WARN] PackLoader:240 - Cannot read IP mode file for STMicroelectronics.FP-SNS-SMARTAG2.1.2.0
2025-08-23 09:42:33,568 [WARN] PackLoader:240 - Cannot read IP mode file for STMicroelectronics.FP-SNS-FLIGHT1.5.1.0
2025-08-23 09:42:33,573 [WARN] PackLoader:240 - Cannot read IP mode file for STMicroelectronics.FP-SNS-MOTENV1.5.0.0
2025-08-23 09:42:33,580 [WARN] PackLoader:240 - Cannot read IP mode file for STMicroelectronics.X-CUBE-BLE2.3.3.0
2025-08-23 09:42:33,587 [WARN] PackLoader:240 - Cannot read IP mode file for STMicroelectronics.X-CUBE-NFC9.1.0.0
2025-08-23 09:42:33,593 [WARN] PackLoader:240 - Cannot read IP mode file for STMicroelectronics.X-CUBE-BLE1.7.1.0
2025-08-23 09:42:33,600 [WARN] PackLoader:240 - Cannot read IP mode file for STMicroelectronics.X-CUBE-SAFEA1.1.2.2
2025-08-23 09:42:33,620 [WARN] PackLoader:240 - Cannot read IP mode file for STMicroelectronics.X-CUBE-NFC4.3.0.0
2025-08-23 09:42:33,630 [WARN] PackLoader:240 - Cannot read IP mode file for STMicroelectronics.X-CUBE-TCPP.4.2.0
2025-08-23 09:42:33,636 [WARN] PackLoader:240 - Cannot read IP mode file for STMicroelectronics.FP-ATR-SIGFOX1.3.2.0
2025-08-23 09:42:33,644 [WARN] PackLoader:240 - Cannot read IP mode file for STMicroelectronics.X-CUBE-ST67W61.1.0.0
2025-08-23 09:42:33,654 [WARN] PackLoader:240 - Cannot read IP mode file for STMicroelectronics.X-CUBE-ALGOBUILD.1.4.0
2025-08-23 09:42:33,710 [WARN] PackLoader:240 - Cannot read IP mode file for STMicroelectronics.X-CUBE-MEMS1.11.3.0
2025-08-23 09:42:33,846 [WARN] PackLoader:240 - Cannot read IP mode file for STMicroelectronics.X-CUBE-PM33A1.1.0.0
2025-08-23 09:42:33,850 [WARN] PackLoader:240 - Cannot read IP mode file for STMicroelectronics.X-CUBE-ISPU.2.1.0
2025-08-23 09:42:33,869 [WARN] PackLoader:240 - Cannot read IP mode file for STMicroelectronics.X-CUBE-NFC6.3.1.0
2025-08-23 09:42:33,881 [WARN] PackLoader:240 - Cannot read IP mode file for STMicroelectronics.X-CUBE-FREERTOS.1.3.1
2025-08-23 09:42:33,888 [WARN] PackLoader:240 - Cannot read IP mode file for STMicroelectronics.X-CUBE-DPower.1.3.0
2025-08-23 09:42:33,896 [WARN] PackLoader:240 - Cannot read IP mode file for STMicroelectronics.X-CUBE-SFXS2LP1.4.0.0
2025-08-23 09:42:33,904 [WARN] PackLoader:240 - Cannot read IP mode file for STMicroelectronics.X-CUBE-GNSS1.7.0.1
2025-08-23 09:42:33,909 [WARN] PackLoader:240 - Cannot read IP mode file for STMicroelectronics.X-CUBE-TOUCHGFX.4.25.0
2025-08-23 09:42:33,923 [WARN] PackLoader:240 - Cannot read IP mode file for STMicroelectronics.X-CUBE-SUBG2.5.0.0
2025-08-23 09:42:33,959 [WARN] PackLoader:240 - Cannot read IP mode file for STMicroelectronics.X-CUBE-AZRTOS-H7RS.1.1.0
2025-08-23 09:42:33,967 [WARN] PackLoader:240 - Cannot read IP mode file for STMicroelectronics.X-CUBE-NFC7.2.0.0
2025-08-23 09:42:34,000 [WARN] PackLoader:240 - Cannot read IP mode file for STMicroelectronics.X-CUBE-IPS.3.1.0
2025-08-23 09:42:34,014 [WARN] PackLoader:240 - Cannot read IP mode file for STMicroelectronics.X-CUBE-ALS.1.0.2
2025-08-23 09:42:34,028 [WARN] PackLoader:240 - Cannot read IP mode file for STMicroelectronics.X-CUBE-TOF1.3.4.3
2025-08-23 09:42:34,044 [INFO] ThirdParty:978 - Integrity check success = true
2025-08-23 09:42:34,045 [INFO] IntegrityCheckThread:100 - exiting critical section [integrity check]
2025-08-23 09:42:34,045 [INFO] IntegrityCheckThread:103 - End integrity checks thread
2025-08-23 09:43:52,011 [ERROR] ConfigurationRetriever:142 - IOException on connection: sw-center.st.com
2025-08-23 09:43:52,012 [ERROR] ConfigurationRetriever:142 - IOException on connection: sw-center.st.com
2025-08-23 09:43:52,012 [ERROR] ConfigurationRetriever:142 - IOException on connection: sw-center.st.com
